<?xml version="1.0" encoding="UTF-8"?>
<!-- Generated by org.testng.reporters.JUnitXMLReporter -->
<testsuite ignored="0" hostname="DESKTOP-NRABHQU" failures="1" tests="9" name="TestListenerpro" time="0.224" errors="0" timestamp="2022-06-30T10:16:11 IST">
  <testcase classname="packFull.NewSuite" name="test1" time="0.026">
    <failure type="java.lang.AssertionError" message="null">
      <![CDATA[java.lang.AssertionError: null
at packFull.NewSuite.test1(NewSuite.java:10)
at java.base/java.util.ArrayList.forEach(ArrayList.java:1511)
... Removed 29 stack frames]]>
    </failure>
  </testcase> <!-- test1 -->
  <testcase classname="packFull.NewSuite" name="test3" time="0.004"/>
  <testcase classname="packFull.NewSuite" name="test6" time="0.003"/>
  <testcase classname="packFull.NewSuite" name="test7" time="0.001"/>
  <testcase classname="packFull.NewSuite" name="test8" time="0.002"/>
  <testcase classname="packFull.NewSuite" name="test9" time="0.016"/>
  <testcase classname="packFull.NewSuite" name="test4" time="0.005"/>
  <testcase classname="packFull.NewSuite" name="test5" time="0.002"/>
  <testcase classname="packFull.NewSuite" name="test2" time="0.0">
    <skipped/>
  </testcase> <!-- test2 -->
</testsuite> <!-- TestListenerpro -->
