<?xml version="1.0" encoding="UTF-8"?>
<!-- Generated by org.testng.reporters.JUnitXMLReporter -->
<testsuite ignored="0" hostname="DESKTOP-NRABHQU" failures="0" tests="9" name="Default test" time="0.131" errors="0" timestamp="2022-06-30T09:18:01 IST">
  <testcase classname="packFull.NewSuite2" name="test3" time="0.01"/>
  <testcase classname="packFull.NewSuite2" name="test4" time="0.002"/>
  <testcase classname="packFull.NewSuite2" name="test5" time="0.008"/>
  <testcase classname="packFull.NewSuite2" name="test51" time="0.003"/>
  <testcase classname="packFull.NewSuite2" name="test52" time="0.009"/>
  <testcase classname="packFull.NewSuite2" name="test6" time="0.007"/>
  <testcase classname="packFull.NewSuite2" name="test7" time="0.003"/>
  <testcase classname="packFull.NewSuite2" name="test8" time="0.006"/>
  <testcase classname="packFull.NewSuite2" name="test9" time="0.003"/>
</testsuite> <!-- Default test -->
