<?xml version="1.0" encoding="UTF-8"?>
<!-- Generated by org.testng.reporters.JUnitXMLReporter -->
<testsuite ignored="0" hostname="DESKTOP-NRABHQU" failures="0" tests="9" name="Default test" time="0.113" errors="0" timestamp="2022-06-30T09:12:08 IST">
  <testcase classname="packFull.NewSuite" name="test1" time="0.011"/>
  <testcase classname="packFull.NewSuite" name="test2" time="0.003"/>
  <testcase classname="packFull.NewSuite" name="test3" time="0.001"/>
  <testcase classname="packFull.NewSuite" name="test4" time="0.003"/>
  <testcase classname="packFull.NewSuite" name="test5" time="0.002"/>
  <testcase classname="packFull.NewSuite" name="test6" time="0.003"/>
  <testcase classname="packFull.NewSuite" name="test7" time="0.004"/>
  <testcase classname="packFull.NewSuite" name="test8" time="0.002"/>
  <testcase classname="packFull.NewSuite" name="test9" time="0.002"/>
</testsuite> <!-- Default test -->
