<?xml version="1.0" encoding="UTF-8"?>
<testng-results ignored="0" total="9" passed="9" failed="0" skipped="0">
  <reporter-output>
  </reporter-output>
  <suite started-at="2022-06-30T09:18:01 IST" name="Default suite" finished-at="2022-06-30T09:18:01 IST" duration-ms="131">
    <groups>
    </groups>
    <test started-at="2022-06-30T09:18:01 IST" name="Default test" finished-at="2022-06-30T09:18:01 IST" duration-ms="131">
      <class name="packFull.NewSuite2">
        <test-method signature="test3()[pri:0, instance:packFull.NewSuite2@d4342c2]" started-at="2022-06-30T09:18:01 IST" name="test3" finished-at="2022-06-30T09:18:01 IST" duration-ms="10" status="PASS">
          <reporter-output>
          </reporter-output>
        </test-method> <!-- test3 -->
        <test-method signature="test4()[pri:0, instance:packFull.NewSuite2@d4342c2]" started-at="2022-06-30T09:18:01 IST" name="test4" finished-at="2022-06-30T09:18:01 IST" duration-ms="2" status="PASS">
          <reporter-output>
          </reporter-output>
        </test-method> <!-- test4 -->
        <test-method signature="test5()[pri:0, instance:packFull.NewSuite2@d4342c2]" started-at="2022-06-30T09:18:01 IST" name="test5" finished-at="2022-06-30T09:18:01 IST" duration-ms="8" status="PASS">
          <reporter-output>
          </reporter-output>
        </test-method> <!-- test5 -->
        <test-method signature="test51()[pri:0, instance:packFull.NewSuite2@d4342c2]" started-at="2022-06-30T09:18:01 IST" name="test51" finished-at="2022-06-30T09:18:01 IST" duration-ms="3" status="PASS">
          <reporter-output>
          </reporter-output>
        </test-method> <!-- test51 -->
        <test-method signature="test52()[pri:0, instance:packFull.NewSuite2@d4342c2]" started-at="2022-06-30T09:18:01 IST" name="test52" finished-at="2022-06-30T09:18:01 IST" duration-ms="9" status="PASS">
          <reporter-output>
          </reporter-output>
        </test-method> <!-- test52 -->
        <test-method signature="test6()[pri:0, instance:packFull.NewSuite2@d4342c2]" started-at="2022-06-30T09:18:01 IST" name="test6" finished-at="2022-06-30T09:18:01 IST" duration-ms="7" status="PASS">
          <reporter-output>
          </reporter-output>
        </test-method> <!-- test6 -->
        <test-method signature="test7()[pri:0, instance:packFull.NewSuite2@d4342c2]" started-at="2022-06-30T09:18:01 IST" name="test7" finished-at="2022-06-30T09:18:01 IST" duration-ms="3" status="PASS">
          <reporter-output>
          </reporter-output>
        </test-method> <!-- test7 -->
        <test-method signature="test8()[pri:0, instance:packFull.NewSuite2@d4342c2]" started-at="2022-06-30T09:18:01 IST" name="test8" finished-at="2022-06-30T09:18:01 IST" duration-ms="6" status="PASS">
          <reporter-output>
          </reporter-output>
        </test-method> <!-- test8 -->
        <test-method signature="test9()[pri:0, instance:packFull.NewSuite2@d4342c2]" started-at="2022-06-30T09:18:01 IST" name="test9" finished-at="2022-06-30T09:18:01 IST" duration-ms="3" status="PASS">
          <reporter-output>
          </reporter-output>
        </test-method> <!-- test9 -->
      </class> <!-- packFull.NewSuite2 -->
    </test> <!-- Default test -->
  </suite> <!-- Default suite -->
</testng-results>
