<?xml version="1.0" encoding="UTF-8"?>
<testng-results ignored="0" total="9" passed="9" failed="0" skipped="0">
  <reporter-output>
  </reporter-output>
  <suite started-at="2022-06-30T09:12:07 IST" name="Default suite" finished-at="2022-06-30T09:12:07 IST" duration-ms="113">
    <groups>
    </groups>
    <test started-at="2022-06-30T09:12:07 IST" name="Default test" finished-at="2022-06-30T09:12:07 IST" duration-ms="113">
      <class name="packFull.NewSuite">
        <test-method signature="test1()[pri:0, instance:packFull.NewSuite@7f010382]" started-at="2022-06-30T09:12:07 IST" name="test1" finished-at="2022-06-30T09:12:07 IST" duration-ms="11" status="PASS">
          <reporter-output>
          </reporter-output>
        </test-method> <!-- test1 -->
        <test-method signature="test2()[pri:0, instance:packFull.NewSuite@7f010382]" started-at="2022-06-30T09:12:07 IST" name="test2" finished-at="2022-06-30T09:12:07 IST" duration-ms="3" status="PASS">
          <reporter-output>
          </reporter-output>
        </test-method> <!-- test2 -->
        <test-method signature="test3()[pri:0, instance:packFull.NewSuite@7f010382]" started-at="2022-06-30T09:12:07 IST" name="test3" finished-at="2022-06-30T09:12:07 IST" duration-ms="1" status="PASS">
          <reporter-output>
          </reporter-output>
        </test-method> <!-- test3 -->
        <test-method signature="test4()[pri:0, instance:packFull.NewSuite@7f010382]" started-at="2022-06-30T09:12:07 IST" name="test4" finished-at="2022-06-30T09:12:07 IST" duration-ms="3" status="PASS">
          <reporter-output>
          </reporter-output>
        </test-method> <!-- test4 -->
        <test-method signature="test5()[pri:0, instance:packFull.NewSuite@7f010382]" started-at="2022-06-30T09:12:07 IST" name="test5" finished-at="2022-06-30T09:12:07 IST" duration-ms="2" status="PASS">
          <reporter-output>
          </reporter-output>
        </test-method> <!-- test5 -->
        <test-method signature="test6()[pri:0, instance:packFull.NewSuite@7f010382]" started-at="2022-06-30T09:12:07 IST" name="test6" finished-at="2022-06-30T09:12:07 IST" duration-ms="3" status="PASS">
          <reporter-output>
          </reporter-output>
        </test-method> <!-- test6 -->
        <test-method signature="test7()[pri:0, instance:packFull.NewSuite@7f010382]" started-at="2022-06-30T09:12:07 IST" name="test7" finished-at="2022-06-30T09:12:07 IST" duration-ms="4" status="PASS">
          <reporter-output>
          </reporter-output>
        </test-method> <!-- test7 -->
        <test-method signature="test8()[pri:0, instance:packFull.NewSuite@7f010382]" started-at="2022-06-30T09:12:07 IST" name="test8" finished-at="2022-06-30T09:12:07 IST" duration-ms="2" status="PASS">
          <reporter-output>
          </reporter-output>
        </test-method> <!-- test8 -->
        <test-method signature="test9()[pri:0, instance:packFull.NewSuite@7f010382]" started-at="2022-06-30T09:12:07 IST" name="test9" finished-at="2022-06-30T09:12:07 IST" duration-ms="2" status="PASS">
          <reporter-output>
          </reporter-output>
        </test-method> <!-- test9 -->
      </class> <!-- packFull.NewSuite -->
    </test> <!-- Default test -->
  </suite> <!-- Default suite -->
</testng-results>
